{"uid":"2ab21e9cda4a4a21","name":"Test Case 15: Place Order: Register before Checkout","fullName":"pytest.test_place_order_register_before_checkout#test_place_order_register_before_checkout","historyId":"3193389933de48a77fae01177f77d302","time":{"start":1725725222938,"stop":1725725244734,"duration":21796},"status":"failed","statusMessage":"AssertionError: Locator expected to be visible\nActual value: <element(s) not found> \nCall log:\nLocatorAssertions.to_be_visible with timeout 10000ms\n  - waiting for locator(\"h2:has-text('Enter Account Information')\")","statusTrace":"page = <Page url='https://automationexercise.com/signup'>\n\n    @allure.title(\"Test Case 15: Place Order: Register before Checkout\")\n    def test_place_order_register_before_checkout(page: Page):\n        # Initialize page objects\n        home_page = HomePage(page)\n        signup_page = SignupPage(page)\n        cart_page = CartPage(page)\n        checkout_page = CheckoutPage(page)\n        account_page = AccountPage(page)\n    \n        # Step 1: Launch browser (Playwright does it automatically when test starts)\n    \n        # Step 2: Navigate to the homepage\n        home_page.navigate_to_homepage()\n    \n        # Step 3: Verify that home page is visible successfully\n        home_page.verify_homepage_visible()\n    \n        # Step 4: Click 'Signup / Login' button\n        home_page.click_signup_login()\n    \n        # Step 5: Fill all details in Signup and create account\n>       email, password, username = create_user(page)\n\npytest/test_place_order_register_before_checkout.py:65: \n_ _ _ _ _ _ _ _ _ _ _ _ _ _ _ _ _ _ _ _ _ _ _ _ _ _ _ _ _ _ _ _ _ _ _ _ _ _ _ _ \npytest/test_place_order_register_before_checkout.py:36: in create_user\n    signup_page.verify_account_information_visible()\n_ _ _ _ _ _ _ _ _ _ _ _ _ _ _ _ _ _ _ _ _ _ _ _ _ _ _ _ _ _ _ _ _ _ _ _ _ _ _ _ \n\nself = <pages.signup_page.SignupPage object at 0x7f4675ac6180>\n\n    @allure.step(\"Verify account information section is visible\")\n    def verify_account_information_visible(self):\n>       expect(self.page.locator(\"h2:has-text('Enter Account Information')\")).to_be_visible(timeout=10000)\nE       AssertionError: Locator expected to be visible\nE       Actual value: <element(s) not found> \nE       Call log:\nE       LocatorAssertions.to_be_visible with timeout 10000ms\nE         - waiting for locator(\"h2:has-text('Enter Account Information')\")\n\npytest/pages/signup_page.py:10: AssertionError","flaky":false,"newFailed":false,"newBroken":false,"newPassed":false,"retriesCount":0,"retriesStatusChange":false,"beforeStages":[{"name":"_session_faker","time":{"start":1725725221849,"stop":1725725221924,"duration":75},"status":"passed","steps":[],"attachments":[],"parameters":[],"stepsCount":0,"shouldDisplayMessage":false,"attachmentsCount":0,"hasContent":false,"attachmentStep":false},{"name":"delete_output_dir","time":{"start":1725725221924,"stop":1725725221925,"duration":1},"status":"passed","steps":[],"attachments":[],"parameters":[],"stepsCount":0,"shouldDisplayMessage":false,"attachmentsCount":0,"hasContent":false,"attachmentStep":false},{"name":"pytestconfig","time":{"start":1725725221924,"stop":1725725221924,"duration":0},"status":"passed","steps":[],"attachments":[],"parameters":[],"stepsCount":0,"shouldDisplayMessage":false,"attachmentsCount":0,"hasContent":false,"attachmentStep":false},{"name":"playwright_context","time":{"start":1725725221925,"stop":1725725222751,"duration":826},"status":"passed","steps":[],"attachments":[],"parameters":[],"stepsCount":0,"shouldDisplayMessage":false,"attachmentsCount":0,"hasContent":false,"attachmentStep":false},{"name":"base_url","time":{"start":1725725221925,"stop":1725725221925,"duration":0},"status":"passed","steps":[],"attachments":[],"parameters":[],"stepsCount":0,"shouldDisplayMessage":false,"attachmentsCount":0,"hasContent":false,"attachmentStep":false},{"name":"_verify_url","time":{"start":1725725221925,"stop":1725725221925,"duration":0},"status":"passed","steps":[],"attachments":[],"parameters":[],"stepsCount":0,"shouldDisplayMessage":false,"attachmentsCount":0,"hasContent":false,"attachmentStep":false},{"name":"page","time":{"start":1725725222751,"stop":1725725222937,"duration":186},"status":"passed","steps":[],"attachments":[],"parameters":[],"stepsCount":0,"shouldDisplayMessage":false,"attachmentsCount":0,"hasContent":false,"attachmentStep":false}],"testStage":{"status":"failed","statusMessage":"AssertionError: Locator expected to be visible\nActual value: <element(s) not found> \nCall log:\nLocatorAssertions.to_be_visible with timeout 10000ms\n  - waiting for locator(\"h2:has-text('Enter Account Information')\")","statusTrace":"page = <Page url='https://automationexercise.com/signup'>\n\n    @allure.title(\"Test Case 15: Place Order: Register before Checkout\")\n    def test_place_order_register_before_checkout(page: Page):\n        # Initialize page objects\n        home_page = HomePage(page)\n        signup_page = SignupPage(page)\n        cart_page = CartPage(page)\n        checkout_page = CheckoutPage(page)\n        account_page = AccountPage(page)\n    \n        # Step 1: Launch browser (Playwright does it automatically when test starts)\n    \n        # Step 2: Navigate to the homepage\n        home_page.navigate_to_homepage()\n    \n        # Step 3: Verify that home page is visible successfully\n        home_page.verify_homepage_visible()\n    \n        # Step 4: Click 'Signup / Login' button\n        home_page.click_signup_login()\n    \n        # Step 5: Fill all details in Signup and create account\n>       email, password, username = create_user(page)\n\npytest/test_place_order_register_before_checkout.py:65: \n_ _ _ _ _ _ _ _ _ _ _ _ _ _ _ _ _ _ _ _ _ _ _ _ _ _ _ _ _ _ _ _ _ _ _ _ _ _ _ _ \npytest/test_place_order_register_before_checkout.py:36: in create_user\n    signup_page.verify_account_information_visible()\n_ _ _ _ _ _ _ _ _ _ _ _ _ _ _ _ _ _ _ _ _ _ _ _ _ _ _ _ _ _ _ _ _ _ _ _ _ _ _ _ \n\nself = <pages.signup_page.SignupPage object at 0x7f4675ac6180>\n\n    @allure.step(\"Verify account information section is visible\")\n    def verify_account_information_visible(self):\n>       expect(self.page.locator(\"h2:has-text('Enter Account Information')\")).to_be_visible(timeout=10000)\nE       AssertionError: Locator expected to be visible\nE       Actual value: <element(s) not found> \nE       Call log:\nE       LocatorAssertions.to_be_visible with timeout 10000ms\nE         - waiting for locator(\"h2:has-text('Enter Account Information')\")\n\npytest/pages/signup_page.py:10: AssertionError","steps":[{"name":"Navigate to homepage","time":{"start":1725725222938,"stop":1725725227047,"duration":4109},"status":"passed","steps":[],"attachments":[{"uid":"6a2939263cffb097","name":"Homepage","source":"6a2939263cffb097.png","type":"image/png","size":335926}],"parameters":[],"stepsCount":0,"shouldDisplayMessage":false,"attachmentsCount":1,"hasContent":true,"attachmentStep":false},{"name":"Verify homepage is visible","time":{"start":1725725227047,"stop":1725725227816,"duration":769},"status":"passed","steps":[],"attachments":[{"uid":"4e75e171b171dce7","name":"Homepage Title Verified","source":"4e75e171b171dce7.png","type":"image/png","size":335926}],"parameters":[],"stepsCount":0,"shouldDisplayMessage":false,"attachmentsCount":1,"hasContent":true,"attachmentStep":false},{"name":"Click on 'Signup/Login' link","time":{"start":1725725227816,"stop":1725725228719,"duration":903},"status":"passed","steps":[],"attachments":[{"uid":"cb4b697206ddbfcb","name":"Signup/Login Page","source":"cb4b697206ddbfcb.png","type":"image/png","size":37027}],"parameters":[],"stepsCount":0,"shouldDisplayMessage":false,"attachmentsCount":1,"hasContent":true,"attachmentStep":false},{"name":"Navigate to homepage","time":{"start":1725725228721,"stop":1725725231660,"duration":2939},"status":"passed","steps":[],"attachments":[{"uid":"e860eee611b5ff11","name":"Homepage","source":"e860eee611b5ff11.png","type":"image/png","size":335926}],"parameters":[],"stepsCount":0,"shouldDisplayMessage":false,"attachmentsCount":1,"hasContent":true,"attachmentStep":false},{"name":"Click on 'Signup/Login' link","time":{"start":1725725231703,"stop":1725725232853,"duration":1150},"status":"passed","steps":[],"attachments":[{"uid":"a481b5f7a751ebff","name":"Signup/Login Page","source":"a481b5f7a751ebff.png","type":"image/png","size":37027}],"parameters":[],"stepsCount":0,"shouldDisplayMessage":false,"attachmentsCount":1,"hasContent":true,"attachmentStep":false},{"name":"Verify 'New User Signup!' is visible","time":{"start":1725725232853,"stop":1725725233834,"duration":981},"status":"passed","steps":[],"attachments":[{"uid":"8bf12aabb4bbf41b","name":"New User Signup Visibility","source":"8bf12aabb4bbf41b.png","type":"image/png","size":37027}],"parameters":[],"stepsCount":0,"shouldDisplayMessage":false,"attachmentsCount":1,"hasContent":true,"attachmentStep":false},{"name":"Enter name and email","time":{"start":1725725233834,"stop":1725725234066,"duration":232},"status":"passed","steps":[],"attachments":[],"parameters":[{"name":"name","value":"'Joel Johnson'"},{"name":"email","value":"'johnoconnell@example.net'"}],"stepsCount":0,"shouldDisplayMessage":false,"attachmentsCount":0,"hasContent":true,"attachmentStep":false},{"name":"Click 'Signup' button","time":{"start":1725725234066,"stop":1725725234718,"duration":652},"status":"passed","steps":[],"attachments":[{"uid":"4b1d7c908e3141f5","name":"Signup Button Clicked","source":"4b1d7c908e3141f5.png","type":"image/png","size":41128}],"parameters":[],"stepsCount":0,"shouldDisplayMessage":false,"attachmentsCount":1,"hasContent":true,"attachmentStep":false},{"name":"Verify account information section is visible","time":{"start":1725725234718,"stop":1725725244733,"duration":10015},"status":"failed","statusMessage":"AssertionError: Locator expected to be visible\nActual value: <element(s) not found> \nCall log:\nLocatorAssertions.to_be_visible with timeout 10000ms\n  - waiting for locator(\"h2:has-text('Enter Account Information')\")\n\n","statusTrace":"  File \"/opt/hostedtoolcache/Python/3.12.5/x64/lib/python3.12/site-packages/allure_commons/_allure.py\", line 192, in impl\n    return func(*a, **kw)\n           ^^^^^^^^^^^^^^\n  File \"/home/runner/work/PlaywrightPytest/PlaywrightPytest/pytest/pages/signup_page.py\", line 10, in verify_account_information_visible\n    expect(self.page.locator(\"h2:has-text('Enter Account Information')\")).to_be_visible(timeout=10000)\n  File \"/opt/hostedtoolcache/Python/3.12.5/x64/lib/python3.12/site-packages/playwright/sync_api/_generated.py\", line 19757, in to_be_visible\n    self._sync(self._impl_obj.to_be_visible(visible=visible, timeout=timeout))\n  File \"/opt/hostedtoolcache/Python/3.12.5/x64/lib/python3.12/site-packages/playwright/_impl/_sync_base.py\", line 115, in _sync\n    return task.result()\n           ^^^^^^^^^^^^^\n  File \"/opt/hostedtoolcache/Python/3.12.5/x64/lib/python3.12/site-packages/playwright/_impl/_assertions.py\", line 664, in to_be_visible\n    await self._expect_impl(\n  File \"/opt/hostedtoolcache/Python/3.12.5/x64/lib/python3.12/site-packages/playwright/_impl/_assertions.py\", line 74, in _expect_impl\n    raise AssertionError(\n","steps":[],"attachments":[],"parameters":[],"stepsCount":0,"shouldDisplayMessage":true,"attachmentsCount":0,"hasContent":true,"attachmentStep":false}],"attachments":[],"parameters":[],"stepsCount":9,"shouldDisplayMessage":true,"attachmentsCount":7,"hasContent":true,"attachmentStep":false},"afterStages":[{"name":"page::0","time":{"start":1725725244764,"stop":1725725244819,"duration":55},"status":"passed","steps":[],"attachments":[],"parameters":[],"stepsCount":0,"shouldDisplayMessage":false,"attachmentsCount":0,"hasContent":false,"attachmentStep":false},{"name":"playwright_context::0","time":{"start":1725725266177,"stop":1725725266226,"duration":49},"status":"passed","steps":[],"attachments":[],"parameters":[],"stepsCount":0,"shouldDisplayMessage":false,"attachmentsCount":0,"hasContent":false,"attachmentStep":false}],"labels":[{"name":"parentSuite","value":"pytest"},{"name":"suite","value":"test_place_order_register_before_checkout"},{"name":"host","value":"fv-az738-609"},{"name":"thread","value":"2964-MainThread"},{"name":"framework","value":"pytest"},{"name":"language","value":"cpython3"},{"name":"package","value":"pytest.test_place_order_register_before_checkout"},{"name":"resultFormat","value":"allure2"}],"parameters":[],"links":[],"hidden":false,"retry":false,"extra":{"severity":"normal","retries":[],"categories":[{"name":"Product defects","matchedStatuses":[],"flaky":false}],"tags":[]},"source":"2ab21e9cda4a4a21.json","parameterValues":[]}